#-----------------------------------------------------------
# Vivado v2019.2 (64-bit)
# SW Build 2708876 on Wed Nov  6 21:40:23 MST 2019
# IP Build 2700528 on Thu Nov  7 00:09:20 MST 2019
# Start of session at: Thu Aug 12 16:52:18 2021
# Process ID: 5596
# Current directory: C:/Users/Abhishek/Desktop/UART/spi_controller/spi controller
# Command line: vivado.exe -gui_launcher_event rodinguilauncherevent19148 C:\Users\Abhishek\Desktop\UART\spi_controller\spi controller\spi controller.xpr
# Log file: C:/Users/Abhishek/Desktop/UART/spi_controller/spi controller/vivado.log
# Journal file: C:/Users/Abhishek/Desktop/UART/spi_controller/spi controller\vivado.jou
#-----------------------------------------------------------
start_gui
open_project {C:/Users/Abhishek/Desktop/UART/spi_controller/spi controller/spi controller.xpr}
Scanning sources...
Finished scanning sources
INFO: [IP_Flow 19-234] Refreshing IP repositories
INFO: [IP_Flow 19-1704] No user IP repositories specified
INFO: [IP_Flow 19-2313] Loaded Vivado IP repository 'E:/xilinx19/Vivado/2019.2/data/ip'.
open_project: Time (s): cpu = 00:00:14 ; elapsed = 00:00:06 . Memory (MB): peak = 926.141 ; gain = 234.199
update_compile_order -fileset sources_1
launch_simulation
Command: launch_simulation 
boost::filesystem::remove: The process cannot access the file because it is being used by another process: "C:/Users/Abhishek/Desktop/UART/spi_controller/spi controller/spi controller.sim/sim_1/behav/xsim/elaborate.log"
launch_simulation
Command: launch_simulation 
boost::filesystem::remove: The process cannot access the file because it is being used by another process: "C:/Users/Abhishek/Desktop/UART/spi_controller/spi controller/spi controller.sim/sim_1/behav/xsim/elaborate.log"
exit
INFO: [Common 17-206] Exiting Vivado at Thu Aug 12 17:16:56 2021...
